[0m11:32:02.591680 [debug] [MainThread]: Sending event: {'category': 'dbt', 'action': 'invocation', 'label': 'start', 'context': [<snowplow_tracker.self_describing_json.SelfDescribingJson object at 0x1094cdd60>, <snowplow_tracker.self_describing_json.SelfDescribingJson object at 0x1094f9af0>, <snowplow_tracker.self_describing_json.SelfDescribingJson object at 0x1094f9760>]}


============================== 11:32:02.599983 | 6d669498-2998-41f6-b74c-6044defc99f6 ==============================
[0m11:32:02.599983 [info ] [MainThread]: Running with dbt=1.7.11
[0m11:32:02.600852 [debug] [MainThread]: running dbt with arguments {'printer_width': '80', 'indirect_selection': 'eager', 'write_json': 'True', 'log_cache_events': 'False', 'partial_parse': 'True', 'cache_selected_only': 'False', 'warn_error': 'None', 'fail_fast': 'False', 'profiles_dir': '/Users/estelleclement/.dbt', 'log_path': 'logs', 'debug': 'False', 'version_check': 'True', 'use_colors': 'True', 'use_experimental_parser': 'False', 'no_print': 'None', 'quiet': 'False', 'warn_error_options': 'WarnErrorOptions(include=[], exclude=[])', 'introspect': 'True', 'invocation_command': 'dbt init', 'static_parser': 'True', 'target_path': 'None', 'log_format': 'default', 'send_anonymous_usage_stats': 'True'}
[0m11:32:15.969338 [debug] [MainThread]: Starter project path: /Users/estelleclement/Desktop/exercise-main-noelie-comte/dbt-env/lib/python3.12/site-packages/dbt/include/starter_project
[0m11:32:15.992516 [info ] [MainThread]: 
Your new dbt project "tp_dbt" was created!

For more information on how to configure the profiles.yml file,
please consult the dbt documentation here:

  https://docs.getdbt.com/docs/configure-your-profile

One more thing:

Need help? Don't hesitate to reach out to us via GitHub issues or on Slack:

  https://community.getdbt.com/

Happy modeling!

[0m11:32:15.993851 [info ] [MainThread]: Setting up your profile.
[0m11:32:25.685098 [debug] [MainThread]: Resource report: {"command_name": "init", "command_success": true, "command_wall_clock_time": 23.192242, "process_user_time": 3.456703, "process_kernel_time": 0.518727, "process_mem_max_rss": "88498176", "process_in_blocks": "0", "process_out_blocks": "0"}
[0m11:32:25.686238 [debug] [MainThread]: Command `dbt init` succeeded at 11:32:25.686008 after 23.20 seconds
[0m11:32:25.686996 [debug] [MainThread]: Sending event: {'category': 'dbt', 'action': 'invocation', 'label': 'end', 'context': [<snowplow_tracker.self_describing_json.SelfDescribingJson object at 0x108feb6e0>, <snowplow_tracker.self_describing_json.SelfDescribingJson object at 0x1094ce420>, <snowplow_tracker.self_describing_json.SelfDescribingJson object at 0x1094a6de0>]}
[0m11:32:25.688119 [debug] [MainThread]: Flushing usage events
[0m11:32:37.401644 [debug] [MainThread]: Sending event: {'category': 'dbt', 'action': 'invocation', 'label': 'start', 'context': [<snowplow_tracker.self_describing_json.SelfDescribingJson object at 0x110ed1e80>, <snowplow_tracker.self_describing_json.SelfDescribingJson object at 0x10fe9b800>, <snowplow_tracker.self_describing_json.SelfDescribingJson object at 0x110f25760>]}


============================== 11:32:37.411173 | be012ea3-c687-420a-b2c7-c13b7e04369f ==============================
[0m11:32:37.411173 [info ] [MainThread]: Running with dbt=1.7.11
[0m11:32:37.412085 [debug] [MainThread]: running dbt with arguments {'printer_width': '80', 'indirect_selection': 'eager', 'write_json': 'True', 'log_cache_events': 'False', 'partial_parse': 'True', 'cache_selected_only': 'False', 'profiles_dir': '/Users/estelleclement/.dbt', 'debug': 'False', 'fail_fast': 'False', 'log_path': 'logs', 'warn_error': 'None', 'version_check': 'True', 'use_colors': 'True', 'use_experimental_parser': 'False', 'no_print': 'None', 'quiet': 'False', 'log_format': 'default', 'invocation_command': 'dbt init', 'static_parser': 'True', 'introspect': 'True', 'target_path': 'None', 'warn_error_options': 'WarnErrorOptions(include=[], exclude=[])', 'send_anonymous_usage_stats': 'True'}
[0m11:32:47.986893 [debug] [MainThread]: Starter project path: /Users/estelleclement/Desktop/exercise-main-noelie-comte/dbt-env/lib/python3.12/site-packages/dbt/include/starter_project
[0m11:32:48.000687 [info ] [MainThread]: 
Your new dbt project "dbt_tp" was created!

For more information on how to configure the profiles.yml file,
please consult the dbt documentation here:

  https://docs.getdbt.com/docs/configure-your-profile

One more thing:

Need help? Don't hesitate to reach out to us via GitHub issues or on Slack:

  https://community.getdbt.com/

Happy modeling!

[0m11:32:48.001940 [info ] [MainThread]: Setting up your profile.
[0m11:34:36.770746 [info ] [MainThread]: Profile dbt_tp written to /Users/estelleclement/.dbt/profiles.yml using target's profile_template.yml and your supplied values. Run 'dbt debug' to validate the connection.
[0m11:34:36.776882 [debug] [MainThread]: Resource report: {"command_name": "init", "command_success": true, "command_wall_clock_time": 119.46598, "process_user_time": 3.0006, "process_kernel_time": 0.456276, "process_mem_max_rss": "90873856", "process_in_blocks": "0", "process_out_blocks": "0"}
[0m11:34:36.778860 [debug] [MainThread]: Command `dbt init` succeeded at 11:34:36.778425 after 119.47 seconds
[0m11:34:36.779967 [debug] [MainThread]: Sending event: {'category': 'dbt', 'action': 'invocation', 'label': 'end', 'context': [<snowplow_tracker.self_describing_json.SelfDescribingJson object at 0x110f259d0>, <snowplow_tracker.self_describing_json.SelfDescribingJson object at 0x110ed1e80>, <snowplow_tracker.self_describing_json.SelfDescribingJson object at 0x110790d70>]}
[0m11:34:36.780992 [debug] [MainThread]: Flushing usage events
[0m11:35:17.291320 [debug] [MainThread]: Sending event: {'category': 'dbt', 'action': 'invocation', 'label': 'start', 'context': [<snowplow_tracker.self_describing_json.SelfDescribingJson object at 0x10a7dd4f0>, <snowplow_tracker.self_describing_json.SelfDescribingJson object at 0x10a809ac0>, <snowplow_tracker.self_describing_json.SelfDescribingJson object at 0x10a809670>]}


============================== 11:35:17.309495 | 481b9e5c-0229-4a86-bd76-d2c5e88e8128 ==============================
[0m11:35:17.309495 [info ] [MainThread]: Running with dbt=1.7.11
[0m11:35:17.311200 [debug] [MainThread]: running dbt with arguments {'printer_width': '80', 'indirect_selection': 'eager', 'log_cache_events': 'False', 'write_json': 'True', 'partial_parse': 'True', 'cache_selected_only': 'False', 'warn_error': 'None', 'version_check': 'True', 'fail_fast': 'False', 'log_path': 'logs', 'profiles_dir': '/Users/estelleclement/.dbt', 'debug': 'False', 'use_colors': 'True', 'use_experimental_parser': 'False', 'no_print': 'None', 'quiet': 'False', 'log_format': 'default', 'static_parser': 'True', 'invocation_command': 'dbt debug', 'introspect': 'True', 'target_path': 'None', 'warn_error_options': 'WarnErrorOptions(include=[], exclude=[])', 'send_anonymous_usage_stats': 'True'}
[0m11:35:17.312801 [info ] [MainThread]: dbt version: 1.7.11
[0m11:35:17.313854 [info ] [MainThread]: python version: 3.12.2
[0m11:35:17.314874 [info ] [MainThread]: python path: /Users/estelleclement/Desktop/exercise-main-noelie-comte/dbt-env/bin/python3.12
[0m11:35:17.315857 [info ] [MainThread]: os info: macOS-12.7.3-x86_64-i386-64bit
[0m11:35:17.614503 [info ] [MainThread]: Using profiles dir at /Users/estelleclement/.dbt
[0m11:35:17.615535 [info ] [MainThread]: Using profiles.yml file at /Users/estelleclement/.dbt/profiles.yml
[0m11:35:17.616448 [info ] [MainThread]: Using dbt_project.yml file at /Users/estelleclement/Desktop/exercise-main-noelie-comte/dbt_project.yml
[0m11:35:17.617813 [error] [MainThread]: Encountered an error:
Internal Error
  Profile should not be None if loading profile completed
[0m11:35:17.635929 [debug] [MainThread]: Resource report: {"command_name": "debug", "command_wall_clock_time": 0.5067008, "process_user_time": 4.305129, "process_kernel_time": 0.541841, "process_mem_max_rss": "92053504", "command_success": false, "process_in_blocks": "0", "process_out_blocks": "0"}
[0m11:35:17.639011 [debug] [MainThread]: Command `dbt debug` failed at 11:35:17.638527 after 0.52 seconds
[0m11:35:17.644148 [debug] [MainThread]: Sending event: {'category': 'dbt', 'action': 'invocation', 'label': 'end', 'context': [<snowplow_tracker.self_describing_json.SelfDescribingJson object at 0x109aa6c30>, <snowplow_tracker.self_describing_json.SelfDescribingJson object at 0x10a904350>, <snowplow_tracker.self_describing_json.SelfDescribingJson object at 0x10a905dc0>]}
[0m11:35:17.646420 [debug] [MainThread]: Flushing usage events
